<?xml version="1.0" encoding="UTF-8"?>
<testsuite xmlns:xsi="http://www.w3.org/2001/XMLSchema-instance" xsi:noNamespaceSchemaLocation="https://maven.apache.org/surefire/maven-surefire-plugin/xsd/surefire-test-report.xsd" name="com.mycompany.app.AppTest" time="0.052" tests="1" errors="0" skipped="0" failures="0">
  <properties>
    <property name="java.specification.version" value="16"/>
    <property name="sun.jnu.encoding" value="UTF-8"/>
    <property name="java.class.path" value="/Users/ezesundayeze/Developments/rookout/deployment-examples/java-maven/maven-api/my-app/target/test-classes:/Users/ezesundayeze/Developments/rookout/deployment-examples/java-maven/maven-api/my-app/target/classes:/Users/ezesundayeze/.m2/repository/junit/junit/4.11/junit-4.11.jar:/Users/ezesundayeze/.m2/repository/org/hamcrest/hamcrest-core/1.3/hamcrest-core-1.3.jar:/Users/ezesundayeze/.m2/repository/io/javalin/javalin/3.13.7/javalin-3.13.7.jar:/Users/ezesundayeze/.m2/repository/org/slf4j/slf4j-api/1.7.30/slf4j-api-1.7.30.jar:/Users/ezesundayeze/.m2/repository/org/eclipse/jetty/jetty-server/9.4.40.v20210413/jetty-server-9.4.40.v20210413.jar:/Users/ezesundayeze/.m2/repository/javax/servlet/javax.servlet-api/3.1.0/javax.servlet-api-3.1.0.jar:/Users/ezesundayeze/.m2/repository/org/eclipse/jetty/jetty-http/9.4.40.v20210413/jetty-http-9.4.40.v20210413.jar:/Users/ezesundayeze/.m2/repository/org/eclipse/jetty/jetty-util/9.4.40.v20210413/jetty-util-9.4.40.v20210413.jar:/Users/ezesundayeze/.m2/repository/org/eclipse/jetty/jetty-io/9.4.40.v20210413/jetty-io-9.4.40.v20210413.jar:/Users/ezesundayeze/.m2/repository/org/eclipse/jetty/jetty-webapp/9.4.40.v20210413/jetty-webapp-9.4.40.v20210413.jar:/Users/ezesundayeze/.m2/repository/org/eclipse/jetty/jetty-xml/9.4.40.v20210413/jetty-xml-9.4.40.v20210413.jar:/Users/ezesundayeze/.m2/repository/org/eclipse/jetty/jetty-servlet/9.4.40.v20210413/jetty-servlet-9.4.40.v20210413.jar:/Users/ezesundayeze/.m2/repository/org/eclipse/jetty/jetty-security/9.4.40.v20210413/jetty-security-9.4.40.v20210413.jar:/Users/ezesundayeze/.m2/repository/org/eclipse/jetty/jetty-util-ajax/9.4.40.v20210413/jetty-util-ajax-9.4.40.v20210413.jar:/Users/ezesundayeze/.m2/repository/org/eclipse/jetty/websocket/websocket-server/9.4.40.v20210413/websocket-server-9.4.40.v20210413.jar:/Users/ezesundayeze/.m2/repository/org/eclipse/jetty/websocket/websocket-common/9.4.40.v20210413/websocket-common-9.4.40.v20210413.jar:/Users/ezesundayeze/.m2/repository/org/eclipse/jetty/websocket/websocket-api/9.4.40.v20210413/websocket-api-9.4.40.v20210413.jar:/Users/ezesundayeze/.m2/repository/org/eclipse/jetty/websocket/websocket-client/9.4.40.v20210413/websocket-client-9.4.40.v20210413.jar:/Users/ezesundayeze/.m2/repository/org/eclipse/jetty/jetty-client/9.4.40.v20210413/jetty-client-9.4.40.v20210413.jar:/Users/ezesundayeze/.m2/repository/org/eclipse/jetty/websocket/websocket-servlet/9.4.40.v20210413/websocket-servlet-9.4.40.v20210413.jar:/Users/ezesundayeze/.m2/repository/org/jetbrains/kotlin/kotlin-stdlib-jdk8/1.3.71/kotlin-stdlib-jdk8-1.3.71.jar:/Users/ezesundayeze/.m2/repository/org/jetbrains/kotlin/kotlin-stdlib/1.3.71/kotlin-stdlib-1.3.71.jar:/Users/ezesundayeze/.m2/repository/org/jetbrains/kotlin/kotlin-stdlib-common/1.3.71/kotlin-stdlib-common-1.3.71.jar:/Users/ezesundayeze/.m2/repository/org/jetbrains/annotations/13.0/annotations-13.0.jar:/Users/ezesundayeze/.m2/repository/org/jetbrains/kotlin/kotlin-stdlib-jdk7/1.3.71/kotlin-stdlib-jdk7-1.3.71.jar:/Users/ezesundayeze/.m2/repository/org/slf4j/slf4j-jdk14/1.7.25/slf4j-jdk14-1.7.25.jar:/Users/ezesundayeze/.m2/repository/com/rookout/rook/0.1.54/rook-0.1.54.jar:"/>
    <property name="java.vm.vendor" value="Homebrew"/>
    <property name="sun.arch.data.model" value="64"/>
    <property name="java.vendor.url" value="https://github.com/Homebrew/homebrew-core/issues"/>
    <property name="user.timezone" value="Africa/Lagos"/>
    <property name="os.name" value="Mac OS X"/>
    <property name="java.vm.specification.version" value="16"/>
    <property name="sun.java.launcher" value="SUN_STANDARD"/>
    <property name="user.country" value="NG"/>
    <property name="sun.boot.library.path" value="/usr/local/Cellar/openjdk/16.0.1/libexec/openjdk.jdk/Contents/Home/lib"/>
    <property name="sun.java.command" value="/Users/ezesundayeze/Developments/rookout/deployment-examples/java-maven/maven-api/my-app/target/surefire/surefirebooter1614210848775406453.jar /Users/ezesundayeze/Developments/rookout/deployment-examples/java-maven/maven-api/my-app/target/surefire 2021-06-07T09-11-37_517-jvmRun1 surefire15198813802597809305tmp surefire_02652896414218400996tmp"/>
    <property name="http.nonProxyHosts" value="local|*.local|169.254/16|*.169.254/16"/>
    <property name="jdk.debug" value="release"/>
    <property name="surefire.test.class.path" value="/Users/ezesundayeze/Developments/rookout/deployment-examples/java-maven/maven-api/my-app/target/test-classes:/Users/ezesundayeze/Developments/rookout/deployment-examples/java-maven/maven-api/my-app/target/classes:/Users/ezesundayeze/.m2/repository/junit/junit/4.11/junit-4.11.jar:/Users/ezesundayeze/.m2/repository/org/hamcrest/hamcrest-core/1.3/hamcrest-core-1.3.jar:/Users/ezesundayeze/.m2/repository/io/javalin/javalin/3.13.7/javalin-3.13.7.jar:/Users/ezesundayeze/.m2/repository/org/slf4j/slf4j-api/1.7.30/slf4j-api-1.7.30.jar:/Users/ezesundayeze/.m2/repository/org/eclipse/jetty/jetty-server/9.4.40.v20210413/jetty-server-9.4.40.v20210413.jar:/Users/ezesundayeze/.m2/repository/javax/servlet/javax.servlet-api/3.1.0/javax.servlet-api-3.1.0.jar:/Users/ezesundayeze/.m2/repository/org/eclipse/jetty/jetty-http/9.4.40.v20210413/jetty-http-9.4.40.v20210413.jar:/Users/ezesundayeze/.m2/repository/org/eclipse/jetty/jetty-util/9.4.40.v20210413/jetty-util-9.4.40.v20210413.jar:/Users/ezesundayeze/.m2/repository/org/eclipse/jetty/jetty-io/9.4.40.v20210413/jetty-io-9.4.40.v20210413.jar:/Users/ezesundayeze/.m2/repository/org/eclipse/jetty/jetty-webapp/9.4.40.v20210413/jetty-webapp-9.4.40.v20210413.jar:/Users/ezesundayeze/.m2/repository/org/eclipse/jetty/jetty-xml/9.4.40.v20210413/jetty-xml-9.4.40.v20210413.jar:/Users/ezesundayeze/.m2/repository/org/eclipse/jetty/jetty-servlet/9.4.40.v20210413/jetty-servlet-9.4.40.v20210413.jar:/Users/ezesundayeze/.m2/repository/org/eclipse/jetty/jetty-security/9.4.40.v20210413/jetty-security-9.4.40.v20210413.jar:/Users/ezesundayeze/.m2/repository/org/eclipse/jetty/jetty-util-ajax/9.4.40.v20210413/jetty-util-ajax-9.4.40.v20210413.jar:/Users/ezesundayeze/.m2/repository/org/eclipse/jetty/websocket/websocket-server/9.4.40.v20210413/websocket-server-9.4.40.v20210413.jar:/Users/ezesundayeze/.m2/repository/org/eclipse/jetty/websocket/websocket-common/9.4.40.v20210413/websocket-common-9.4.40.v20210413.jar:/Users/ezesundayeze/.m2/repository/org/eclipse/jetty/websocket/websocket-api/9.4.40.v20210413/websocket-api-9.4.40.v20210413.jar:/Users/ezesundayeze/.m2/repository/org/eclipse/jetty/websocket/websocket-client/9.4.40.v20210413/websocket-client-9.4.40.v20210413.jar:/Users/ezesundayeze/.m2/repository/org/eclipse/jetty/jetty-client/9.4.40.v20210413/jetty-client-9.4.40.v20210413.jar:/Users/ezesundayeze/.m2/repository/org/eclipse/jetty/websocket/websocket-servlet/9.4.40.v20210413/websocket-servlet-9.4.40.v20210413.jar:/Users/ezesundayeze/.m2/repository/org/jetbrains/kotlin/kotlin-stdlib-jdk8/1.3.71/kotlin-stdlib-jdk8-1.3.71.jar:/Users/ezesundayeze/.m2/repository/org/jetbrains/kotlin/kotlin-stdlib/1.3.71/kotlin-stdlib-1.3.71.jar:/Users/ezesundayeze/.m2/repository/org/jetbrains/kotlin/kotlin-stdlib-common/1.3.71/kotlin-stdlib-common-1.3.71.jar:/Users/ezesundayeze/.m2/repository/org/jetbrains/annotations/13.0/annotations-13.0.jar:/Users/ezesundayeze/.m2/repository/org/jetbrains/kotlin/kotlin-stdlib-jdk7/1.3.71/kotlin-stdlib-jdk7-1.3.71.jar:/Users/ezesundayeze/.m2/repository/org/slf4j/slf4j-jdk14/1.7.25/slf4j-jdk14-1.7.25.jar:/Users/ezesundayeze/.m2/repository/com/rookout/rook/0.1.54/rook-0.1.54.jar:"/>
    <property name="sun.cpu.endian" value="little"/>
    <property name="user.home" value="/Users/ezesundayeze"/>
    <property name="user.language" value="en"/>
    <property name="java.specification.vendor" value="Oracle Corporation"/>
    <property name="java.version.date" value="2021-04-20"/>
    <property name="java.home" value="/usr/local/Cellar/openjdk/16.0.1/libexec/openjdk.jdk/Contents/Home"/>
    <property name="file.separator" value="/"/>
    <property name="basedir" value="/Users/ezesundayeze/Developments/rookout/deployment-examples/java-maven/maven-api/my-app"/>
    <property name="java.vm.compressedOopsMode" value="Zero based"/>
    <property name="line.separator" value="&#10;"/>
    <property name="java.specification.name" value="Java Platform API Specification"/>
    <property name="java.vm.specification.vendor" value="Oracle Corporation"/>
    <property name="surefire.real.class.path" value="/Users/ezesundayeze/Developments/rookout/deployment-examples/java-maven/maven-api/my-app/target/surefire/surefirebooter1614210848775406453.jar"/>
    <property name="sun.management.compiler" value="HotSpot 64-Bit Tiered Compilers"/>
    <property name="ftp.nonProxyHosts" value="local|*.local|169.254/16|*.169.254/16"/>
    <property name="java.runtime.version" value="16.0.1+0"/>
    <property name="user.name" value="ezesundayeze"/>
    <property name="path.separator" value=":"/>
    <property name="os.version" value="11.2.2"/>
    <property name="java.runtime.name" value="OpenJDK Runtime Environment"/>
    <property name="file.encoding" value="UTF-8"/>
    <property name="java.vm.name" value="OpenJDK 64-Bit Server VM"/>
    <property name="java.vendor.version" value="Homebrew"/>
    <property name="localRepository" value="/Users/ezesundayeze/.m2/repository"/>
    <property name="java.vendor.url.bug" value="https://github.com/Homebrew/homebrew-core/issues"/>
    <property name="java.io.tmpdir" value="/var/folders/91/53dqnh6d4b50lhl7xnhbz41w0000gn/T/"/>
    <property name="java.version" value="16.0.1"/>
    <property name="user.dir" value="/Users/ezesundayeze/Developments/rookout/deployment-examples/java-maven/maven-api/my-app"/>
    <property name="os.arch" value="x86_64"/>
    <property name="java.vm.specification.name" value="Java Virtual Machine Specification"/>
    <property name="java.library.path" value="/Users/ezesundayeze/Library/Java/Extensions:/Library/Java/Extensions:/Network/Library/Java/Extensions:/System/Library/Java/Extensions:/usr/lib/java:."/>
    <property name="java.vm.info" value="mixed mode, sharing"/>
    <property name="java.vendor" value="Homebrew"/>
    <property name="java.vm.version" value="16.0.1+0"/>
    <property name="sun.io.unicode.encoding" value="UnicodeBig"/>
    <property name="socksNonProxyHosts" value="local|*.local|169.254/16|*.169.254/16"/>
    <property name="java.class.version" value="60.0"/>
    <property name="ROOKOUT_TOKEN" value="0f940bfe1f9ce8391fa2e5663554c147a65d2dc72293c2465a7363decfaf4e5d"/>
  </properties>
  <testcase name="shouldAnswerWithTrue" classname="com.mycompany.app.AppTest" time="0.003"/>
</testsuite>